<?xml version="1.0" encoding="UTF-8"?>
<!-- Generated by org.testng.reporters.JUnitReportReporter -->
<testsuite skipped="0" hostname="DESKTOP-KV1TCAF" name="testCases.CreateOneProduct" tests="2" failures="0" timestamp="24 Aug 2022 04:27:13 GMT" time="2.647" errors="0">
  <testcase name="createOneProduct" time="2.189" classname="testCases.CreateOneProduct"/>
  <testcase name="readOneProduct" time="0.458" classname="testCases.CreateOneProduct"/>
</testsuite> <!-- testCases.CreateOneProduct -->
