<?xml version="1.0" encoding="UTF-8"?>
<!-- Generated by org.testng.reporters.JUnitReportReporter -->
<testsuite skipped="0" hostname="DESKTOP-KV1TCAF" name="testCases.DeleteOneProduct" tests="2" failures="0" timestamp="24 Aug 2022 04:54:13 GMT" time="1.947" errors="0">
  <testcase name="deleteOneProduct" time="1.582" classname="testCases.DeleteOneProduct"/>
  <testcase name="readOneProduct" time="0.365" classname="testCases.DeleteOneProduct"/>
</testsuite> <!-- testCases.DeleteOneProduct -->
