<?xml version="1.0" encoding="UTF-8"?>
<!-- Generated by org.testng.reporters.JUnitReportReporter -->
<testsuite skipped="0" hostname="DESKTOP-KV1TCAF" name="testCases.CreateOneProduct1" tests="2" failures="0" timestamp="23 Aug 2022 23:50:07 GMT" time="1.920" errors="0">
  <testcase name="createOneProduct" time="1.545" classname="testCases.CreateOneProduct1"/>
  <testcase name="readOneProduct" time="0.375" classname="testCases.CreateOneProduct1"/>
</testsuite> <!-- testCases.CreateOneProduct1 -->
