<?xml version="1.0" encoding="UTF-8"?>
<!-- Generated by org.testng.reporters.JUnitReportReporter -->
<testsuite skipped="0" hostname="DESKTOP-KV1TCAF" name="testCases.ReadAllProducts" tests="1" failures="0" timestamp="23 Aug 2022 22:52:41 GMT" time="2.831" errors="0">
  <testcase name="readAllProducts" time="2.831" classname="testCases.ReadAllProducts"/>
</testsuite> <!-- testCases.ReadAllProducts -->
