<?xml version="1.0" encoding="UTF-8"?>
<!-- Generated by org.testng.reporters.JUnitReportReporter -->
<testsuite skipped="0" hostname="DESKTOP-KV1TCAF" name="testCases.CreateOneProduct$ReadAllProducts" tests="1" failures="0" timestamp="24 Aug 2022 04:27:13 GMT" time="0.946" errors="0">
  <testcase name="readAllProducts" time="0.946" classname="testCases.CreateOneProduct$ReadAllProducts"/>
</testsuite> <!-- testCases.CreateOneProduct$ReadAllProducts -->
