<?xml version="1.0" encoding="UTF-8"?>
<!-- Generated by org.testng.reporters.JUnitReportReporter -->
<testsuite skipped="0" hostname="DESKTOP-KV1TCAF" name="testCases.UpdateOneProduct" tests="3" failures="0" timestamp="24 Aug 2022 04:22:21 GMT" time="2.250" errors="0">
  <testcase name="createOneProduct" time="1.561" classname="testCases.UpdateOneProduct"/>
  <testcase name="upateOneProduct" time="0.327" classname="testCases.UpdateOneProduct"/>
  <testcase name="readOneProduct" time="0.362" classname="testCases.UpdateOneProduct"/>
</testsuite> <!-- testCases.UpdateOneProduct -->
