<?xml version="1.0" encoding="UTF-8"?>
<!-- Generated by org.testng.reporters.JUnitReportReporter -->
<testsuite skipped="0" hostname="DESKTOP-KV1TCAF" name="testCases.CreateOneProduct1$ReadAllProducts" tests="1" failures="0" timestamp="23 Aug 2022 23:50:07 GMT" time="0.796" errors="0">
  <testcase name="readAllProducts" time="0.796" classname="testCases.CreateOneProduct1$ReadAllProducts"/>
</testsuite> <!-- testCases.CreateOneProduct1$ReadAllProducts -->
