<?xml version="1.0" encoding="UTF-8"?>
<!-- Generated by org.testng.reporters.JUnitReportReporter -->
<testsuite skipped="0" hostname="DESKTOP-KV1TCAF" name="testCases.ReadOneProduct" tests="1" failures="0" timestamp="23 Aug 2022 12:46:57 GMT" time="1.941" errors="0">
  <testcase name="readOneProduct" time="1.941" classname="testCases.ReadOneProduct"/>
</testsuite> <!-- testCases.ReadOneProduct -->
